  Game.cpp
C:\Program Files\Microsoft Visual Studio\2022\Community\VC\Tools\MSVC\14.31.31103\include\xutility(149,77): warning C4244: 'argument': conversion from 'int' to 'float', possible loss of data
C:\Program Files\Microsoft Visual Studio\2022\Community\VC\Tools\MSVC\14.31.31103\include\memory(2006): message : see reference to function template instantiation 'void std::_Construct_in_place<_Ty,int&>(_Ty &,int &) noexcept(false)' being compiled
          with
          [
              _Ty=CCollision
          ]
C:\Program Files\Microsoft Visual Studio\2022\Community\VC\Tools\MSVC\14.31.31103\include\memory(2725): message : see reference to function template instantiation 'std::_Ref_count_obj2<_Ty>::_Ref_count_obj2<int&>(int &)' being compiled
          with
          [
              _Ty=CCollision
          ]
C:\Program Files\Microsoft Visual Studio\2022\Community\VC\Tools\MSVC\14.31.31103\include\memory(2726): message : see reference to function template instantiation 'std::_Ref_count_obj2<_Ty>::_Ref_count_obj2<int&>(int &)' being compiled
          with
          [
              _Ty=CCollision
          ]
C:\Users\125ar\Downloads\Kill-the-Enemy-Game-master\Kill-the-Enemy-Game-master\SFML_Game_Assignment_2\Game.cpp(469): message : see reference to function template instantiation 'std::shared_ptr<CCollision> std::make_shared<CCollision,int&>(int &)' being compiled
  Generating code
  0 of 664 functions ( 0.0%) were compiled, the rest were copied from previous compilation.
    0 functions were new in current compilation
    0 functions had inline decision re-evaluated but remain unchanged
  Finished generating code
  SFML_Game_Assignment_2.vcxproj -> C:\Users\125ar\Downloads\Kill-the-Enemy-Game-master\Kill-the-Enemy-Game-master\Release\SFML_Game_Assignment_2.exe
